<?xml version="1.0" encoding="UTF-8"?>
<!-- Generated by org.testng.reporters.JUnitReportReporter -->
<testsuite hostname="Aniks-Air.lan" failures="0" tests="5" name="facebookwork_testng.facebook_testng" time="73.152" errors="0" timestamp="2023-01-01T23:04:47 EST" skipped="0">
  <testcase classname="facebookwork_testng.facebook_testng" name="f" time="0.001"/>
  <system-out/>
  <testcase classname="facebookwork_testng.facebook_testng" name="facebook" time="36.618"/>
  <system-out/>
  <testcase classname="facebookwork_testng.facebook_testng" name="facebook" time="12.132"/>
  <system-out/>
  <testcase classname="facebookwork_testng.facebook_testng" name="facebook" time="12.853"/>
  <system-out/>
  <testcase classname="facebookwork_testng.facebook_testng" name="facebook" time="11.548"/>
  <system-out/>
</testsuite> <!-- facebookwork_testng.facebook_testng -->
